<?xml version="1.0" encoding="UTF-8"?>
<coverage generated="1538452080625" clover="3.2.0">
  <project timestamp="1538452080625" name="All files">
    <metrics statements="11" coveredstatements="11" conditionals="3" coveredconditionals="1" methods="5" coveredmethods="4" elements="19" coveredelements="16" complexity="0" loc="11" ncloc="11" packages="1" files="1" classes="1">
      <file name="util.js" path="/Users/vinny/Documents/javascript/text-budget/util.js">
        <metrics statements="11" coveredstatements="11" conditionals="3" coveredconditionals="1" methods="5" coveredmethods="4"/>
        <line num="17" count="12" type="stmt"/>
        <line num="23" count="8" type="stmt"/>
        <line num="33" count="6" type="stmt"/>
        <line num="39" count="6" type="stmt"/>
        <line num="40" count="6" type="stmt"/>
        <line num="41" count="6" type="stmt"/>
        <line num="42" count="6" type="stmt"/>
        <line num="43" count="6" type="stmt"/>
        <line num="44" count="6" type="cond" truecount="1" falsecount="1"/>
        <line num="46" count="6" type="stmt"/>
        <line num="51" count="1" type="stmt"/>
      </file>
    </metrics>
  </project>
</coverage>
