{
  "/Users/vinny/Documents/javascript/text-budget/util.js": {
    "path": "/Users/vinny/Documents/javascript/text-budget/util.js",
    "statementMap": {
      "0": {
        "start": { "line": 17, "column": 2 },
        "end": { "line": 17, "column": 52 }
      },
      "1": {
        "start": { "line": 17, "column": 41 },
        "end": { "line": 17, "column": 51 }
      },
      "2": {
        "start": { "line": 23, "column": 2 },
        "end": { "line": 23, "column": 77 }
      },
      "3": {
        "start": { "line": 33, "column": 18 },
        "end": { "line": 35, "column": 3 }
      },
      "4": {
        "start": { "line": 39, "column": 2 },
        "end": { "line": 39, "column": 17 }
      },
      "5": {
        "start": { "line": 40, "column": 20 },
        "end": { "line": 40, "column": 22 }
      },
      "6": {
        "start": { "line": 41, "column": 2 },
        "end": { "line": 41, "column": 34 }
      },
      "7": {
        "start": { "line": 42, "column": 2 },
        "end": { "line": 42, "column": 34 }
      },
      "8": {
        "start": { "line": 43, "column": 2 },
        "end": { "line": 43, "column": 43 }
      },
      "9": {
        "start": { "line": 44, "column": 2 },
        "end": { "line": 44, "column": 58 }
      },
      "10": {
        "start": { "line": 44, "column": 22 },
        "end": { "line": 44, "column": 58 }
      },
      "11": {
        "start": { "line": 46, "column": 2 },
        "end": { "line": 46, "column": 18 }
      },
      "12": {
        "start": { "line": 51, "column": 0 },
        "end": { "line": 51, "column": 72 }
      }
    },
    "fnMap": {
      "0": {
        "name": "nextFriday",
        "decl": {
          "start": { "line": 2, "column": 9 },
          "end": { "line": 2, "column": 19 }
        },
        "loc": {
          "start": { "line": 2, "column": 39 },
          "end": { "line": 12, "column": 1 }
        },
        "line": 2
      },
      "1": {
        "name": "processMessage",
        "decl": {
          "start": { "line": 16, "column": 9 },
          "end": { "line": 16, "column": 23 }
        },
        "loc": {
          "start": { "line": 16, "column": 31 },
          "end": { "line": 18, "column": 1 }
        },
        "line": 16
      },
      "2": {
        "name": "(anonymous_2)",
        "decl": {
          "start": { "line": 17, "column": 34 },
          "end": { "line": 17, "column": 35 }
        },
        "loc": {
          "start": { "line": 17, "column": 41 },
          "end": { "line": 17, "column": 51 }
        },
        "line": 17
      },
      "3": {
        "name": "isValid",
        "decl": {
          "start": { "line": 22, "column": 9 },
          "end": { "line": 22, "column": 16 }
        },
        "loc": {
          "start": { "line": 22, "column": 26 },
          "end": { "line": 24, "column": 1 }
        },
        "line": 22
      },
      "4": {
        "name": "processCommand",
        "decl": {
          "start": { "line": 32, "column": 9 },
          "end": { "line": 32, "column": 23 }
        },
        "loc": {
          "start": { "line": 32, "column": 33 },
          "end": { "line": 49, "column": 1 }
        },
        "line": 32
      }
    },
    "branchMap": {
      "0": {
        "loc": {
          "start": { "line": 2, "column": 20 },
          "end": { "line": 2, "column": 37 }
        },
        "type": "default-arg",
        "locations": [
          {
            "start": { "line": 2, "column": 27 },
            "end": { "line": 2, "column": 37 }
          }
        ],
        "line": 2
      },
      "1": {
        "loc": {
          "start": { "line": 44, "column": 2 },
          "end": { "line": 44, "column": 58 }
        },
        "type": "if",
        "locations": [
          {
            "start": { "line": 44, "column": 2 },
            "end": { "line": 44, "column": 58 }
          },
          {
            "start": { "line": 44, "column": 2 },
            "end": { "line": 44, "column": 58 }
          }
        ],
        "line": 44
      }
    },
    "s": {
      "0": 4,
      "1": 12,
      "2": 8,
      "3": 6,
      "4": 6,
      "5": 6,
      "6": 6,
      "7": 6,
      "8": 6,
      "9": 6,
      "10": 6,
      "11": 6,
      "12": 1
    },
    "f": { "0": 0, "1": 4, "2": 12, "3": 8, "4": 6 },
    "b": { "0": [0], "1": [6, 0] },
    "_coverageSchema": "332fd63041d2c1bcb487cc26dd0d5f7d97098a6c",
    "hash": "ab9d2da943fe22b6b3c1022185771e033ec16856"
  }
}
